Using pdf-parse fallback for PDF parsing.
mammoth available for DOCX parsing.
Sprint1 demo running on http://localhost:3000
UPLOAD RECEIVED: {
  originalname: '1760423036820-2025_FALL_Resume.pdf',
  mimetype: 'application/pdf',
  size: 309287
}
Saved upload to: /Users/iambryceee/Downloads/FAMU (Computer Science) /DEIBuilders/sprint1-demo/uploads/1760467248337-1760423036820-2025_FALL_Resume.pdf
Parsed text length: 3808
Parsed preview:   EDUCATION  Bryce Alexander  brycejordanalexander@gmail.com | 561.309.5773  Florida A&M University, College of Science and Technology  Major: Bachelor of Science, Computer Science  Tallahassee, FL  Expected Graduation: Spring 2026  Relevant   Coursework: Fundamentals of    Programming, Database Man
UPLOAD RECEIVED: {
  originalname: '1760423036820-2025_FALL_Resume.pdf',
  mimetype: 'application/pdf',
  size: 309287
}
Saved upload to: /Users/iambryceee/Downloads/FAMU (Computer Science) /DEIBuilders/sprint1-demo/uploads/1760467248673-1760423036820-2025_FALL_Resume.pdf
Parsed text length: 3808
Parsed preview:   EDUCATION  Bryce Alexander  brycejordanalexander@gmail.com | 561.309.5773  Florida A&M University, College of Science and Technology  Major: Bachelor of Science, Computer Science  Tallahassee, FL  Expected Graduation: Spring 2026  Relevant   Coursework: Fundamentals of    Programming, Database Man
UPLOAD RECEIVED: {
  originalname: '2025 FALL Resume.docx',
  mimetype: 'application/vnd.openxmlformats-officedocument.wordprocessingml.document',
  size: 15640
}
Saved upload to: /Users/iambryceee/Downloads/FAMU (Computer Science) /DEIBuilders/sprint1-demo/uploads/1760467527451-2025_FALL_Resume.docx
Parsed text length: 3933
Parsed preview:     EDUCATION  Bryce Alexander  brycejordanalexander@gmail.com | 561.309.5773    Florida A&M University, College of Science and Technology  Major: Bachelor of Science, Computer Science  Tallahassee, FL Expected Graduation: Spring 2026    Relevant Coursework: Fundamentals of Programming, Database Man
UPLOAD RECEIVED: {
  originalname: '2025 FALL Resume.docx',
  mimetype: 'application/vnd.openxmlformats-officedocument.wordprocessingml.document',
  size: 15640
}
Saved upload to: /Users/iambryceee/Downloads/FAMU (Computer Science) /DEIBuilders/sprint1-demo/uploads/1760467825919-2025_FALL_Resume.docx
Parsed text length: 3933
Parsed preview:     EDUCATION  Bryce Alexander  brycejordanalexander@gmail.com | 561.309.5773    Florida A&M University, College of Science and Technology  Major: Bachelor of Science, Computer Science  Tallahassee, FL Expected Graduation: Spring 2026    Relevant Coursework: Fundamentals of Programming, Database Man
